<?xml version='1.0' encoding='utf-8'?>
<testsuite name="CTF_FULL_V1" tests="25" failures="0" skipped="5"><testcase classname="golden" name="GOLD-G01-REALITY-REVISION" /><testcase classname="golden" name="GOLD-G02-QUESTION-OVERRIDE" /><testcase classname="golden" name="GOLD-G03-PERCEPTION-PARTIAL" /><testcase classname="golden" name="GOLD-G04-EVIDENCE-UNCERTAINTY"><skipped message="BLOCKED: Requires a controlled document corpus and model semantic evaluation unavailable in offline CI." /></testcase><testcase classname="golden" name="GOLD-G05-OPPORTUNITY-SELECTION" /><testcase classname="golden" name="GOLD-G06-USER-SPARK" /><testcase classname="golden" name="GOLD-G07-IDEA-WITH-UNKNOWNS" /><testcase classname="golden" name="GOLD-G08-KILL-CALIBRATION" /><testcase classname="golden" name="GOLD-G09-FAIR-RED-TEAM"><skipped message="BLOCKED: Requires deterministic model-quality evaluation against a curated adversarial benchmark." /></testcase><testcase classname="golden" name="GOLD-G10-NONNEGOTIABLE-CONFLICT" /><testcase classname="golden" name="GOLD-G11-HUMAN-DIVERGENCE" /><testcase classname="golden" name="GOLD-G12-COMMITMENT-GAPS" /><testcase classname="golden" name="GOLD-G13-ROADMAP-AUTHORITY" /><testcase classname="golden" name="GOLD-G14-MANDATORY-REDECISION" /><testcase classname="golden" name="GOLD-G15-DRIFT-REAFFIRMATION"><skipped message="BLOCKED: Requires longitudinal pilot observations and a reviewed drift-classification benchmark." /></testcase><testcase classname="golden" name="GOLD-G16-HARMED-STAKEHOLDER" /><testcase classname="golden" name="GOLD-G17-MIXED-VALUE"><skipped message="BLOCKED: Requires pilot outcome evidence with independently reviewed benefit and harm measurements." /></testcase><testcase classname="golden" name="GOLD-G18-WORSE-R1"><skipped message="BLOCKED: Requires external longitudinal measurements and a reviewed comparability determination." /></testcase><testcase classname="golden" name="GOLD-G19-CYCLE-NEXT" /><testcase classname="golden" name="GOLD-VS03-NO-GO-PRESERVES-LEARNING" /><testcase classname="golden" name="GOLD-VS03-REDESIGN-MINIMAL-ROUTE" /><testcase classname="golden" name="GOLD-ERI-KHAL-OFFLINE" /><testcase classname="golden" name="GOLD-ERI-KHAL-CLOSED-LOOP" /><testcase classname="golden" name="GOLD-MULTI-CYCLE-R0-R1-R2" /><testcase classname="golden" name="GOLD-HORIZONTAL-CONCURRENCY-SECURITY" /></testsuite>